[0.160s] DEBUG:colcon:Command line arguments: ['/usr/bin/colcon', 'build']
[0.160s] DEBUG:colcon:Parsed command line arguments: Namespace(log_base=None, log_level=None, verb_name='build', build_base='build', install_base='install', merge_install=False, symlink_install=False, test_result_base=None, continue_on_error=False, executor='parallel', parallel_workers=16, event_handlers=None, ignore_user_meta=False, metas=['./colcon.meta'], base_paths=['.'], packages_ignore=None, packages_ignore_regex=None, paths=None, packages_up_to=None, packages_up_to_regex=None, packages_above=None, packages_above_and_dependencies=None, packages_above_depth=None, packages_select_by_dep=None, packages_skip_by_dep=None, packages_skip_up_to=None, packages_select_build_failed=False, packages_skip_build_finished=False, packages_select_test_failures=False, packages_skip_test_passed=False, packages_select=None, packages_skip=None, packages_select_regex=None, packages_skip_regex=None, packages_start=None, packages_end=None, cmake_args=None, cmake_target=None, cmake_target_skip_unavailable=False, cmake_clean_cache=False, cmake_clean_first=False, cmake_force_configure=False, ament_cmake_args=None, catkin_cmake_args=None, catkin_skip_building_tests=False, mixin_files=None, mixin=None, verb_parser=<colcon_mixin.mixin.mixin_argument.MixinArgumentDecorator object at 0x75a413b87580>, verb_extension=<colcon_core.verb.build.BuildVerb object at 0x75a413b86bc0>, main=<bound method BuildVerb.main of <colcon_core.verb.build.BuildVerb object at 0x75a413b86bc0>>, mixin_verb=('build',))
[0.347s] Level 1:colcon.colcon_core.package_discovery:discover_packages(colcon_meta) check parameters
[0.348s] INFO:colcon.colcon_metadata.package_discovery.colcon_meta:Using configuration from '/root/.colcon/metadata/default/Gazebo.meta'
[0.349s] INFO:colcon.colcon_metadata.package_discovery.colcon_meta:Using configuration from '/root/.colcon/metadata/default/fastdds.meta'
[0.350s] INFO:colcon.colcon_metadata.package_discovery.colcon_meta:Using configuration from '/root/.colcon/metadata/default/fastrtps.meta'
[0.350s] Level 1:colcon.colcon_core.package_discovery:discover_packages(recursive) check parameters
[0.350s] Level 1:colcon.colcon_core.package_discovery:discover_packages(ignore) check parameters
[0.350s] Level 1:colcon.colcon_core.package_discovery:discover_packages(path) check parameters
[0.350s] Level 1:colcon.colcon_core.package_discovery:discover_packages(colcon_meta) discover
[0.350s] Level 1:colcon.colcon_core.package_discovery:discover_packages(recursive) discover
[0.350s] INFO:colcon.colcon_core.package_discovery:Crawling recursively for packages in '/home/dev/ros2_ws'
[0.350s] Level 1:colcon.colcon_core.package_identification:_identify(.) by extensions ['ignore', 'ignore_ament_install']
[0.350s] Level 1:colcon.colcon_core.package_identification:_identify(.) by extension 'ignore'
[0.350s] Level 1:colcon.colcon_core.package_identification:_identify(.) by extension 'ignore_ament_install'
[0.350s] Level 1:colcon.colcon_core.package_identification:_identify(.) by extensions ['colcon_pkg']
[0.350s] Level 1:colcon.colcon_core.package_identification:_identify(.) by extension 'colcon_pkg'
[0.350s] Level 1:colcon.colcon_core.package_identification:_identify(.) by extensions ['colcon_meta']
[0.350s] Level 1:colcon.colcon_core.package_identification:_identify(.) by extension 'colcon_meta'
[0.350s] Level 1:colcon.colcon_core.package_identification:_identify(.) by extensions ['ros']
[0.350s] Level 1:colcon.colcon_core.package_identification:_identify(.) by extension 'ros'
[0.361s] Level 1:colcon.colcon_core.package_identification:_identify(.) by extensions ['cmake', 'python']
[0.361s] Level 1:colcon.colcon_core.package_identification:_identify(.) by extension 'cmake'
[0.361s] Level 1:colcon.colcon_core.package_identification:_identify(.) by extension 'python'
[0.361s] Level 1:colcon.colcon_core.package_identification:_identify(.) by extensions ['python_setup_py']
[0.361s] Level 1:colcon.colcon_core.package_identification:_identify(.) by extension 'python_setup_py'
[0.361s] Level 1:colcon.colcon_core.package_identification:_identify(build) by extensions ['ignore', 'ignore_ament_install']
[0.362s] Level 1:colcon.colcon_core.package_identification:_identify(build) by extension 'ignore'
[0.362s] Level 1:colcon.colcon_core.package_identification:_identify(build) ignored
[0.362s] Level 1:colcon.colcon_core.package_identification:_identify(install) by extensions ['ignore', 'ignore_ament_install']
[0.362s] Level 1:colcon.colcon_core.package_identification:_identify(install) by extension 'ignore'
[0.362s] Level 1:colcon.colcon_core.package_identification:_identify(install) ignored
[0.362s] Level 1:colcon.colcon_core.package_identification:_identify(log) by extensions ['ignore', 'ignore_ament_install']
[0.362s] Level 1:colcon.colcon_core.package_identification:_identify(log) by extension 'ignore'
[0.362s] Level 1:colcon.colcon_core.package_identification:_identify(log) ignored
[0.362s] Level 1:colcon.colcon_core.package_identification:_identify(src) by extensions ['ignore', 'ignore_ament_install']
[0.362s] Level 1:colcon.colcon_core.package_identification:_identify(src) by extension 'ignore'
[0.362s] Level 1:colcon.colcon_core.package_identification:_identify(src) by extension 'ignore_ament_install'
[0.362s] Level 1:colcon.colcon_core.package_identification:_identify(src) by extensions ['colcon_pkg']
[0.362s] Level 1:colcon.colcon_core.package_identification:_identify(src) by extension 'colcon_pkg'
[0.362s] Level 1:colcon.colcon_core.package_identification:_identify(src) by extensions ['colcon_meta']
[0.362s] Level 1:colcon.colcon_core.package_identification:_identify(src) by extension 'colcon_meta'
[0.363s] Level 1:colcon.colcon_core.package_identification:_identify(src) by extensions ['ros']
[0.363s] Level 1:colcon.colcon_core.package_identification:_identify(src) by extension 'ros'
[0.363s] Level 1:colcon.colcon_core.package_identification:_identify(src) by extensions ['cmake', 'python']
[0.363s] Level 1:colcon.colcon_core.package_identification:_identify(src) by extension 'cmake'
[0.363s] Level 1:colcon.colcon_core.package_identification:_identify(src) by extension 'python'
[0.363s] Level 1:colcon.colcon_core.package_identification:_identify(src) by extensions ['python_setup_py']
[0.363s] Level 1:colcon.colcon_core.package_identification:_identify(src) by extension 'python_setup_py'
[0.363s] Level 1:colcon.colcon_core.package_identification:_identify(src/lane_follower) by extensions ['ignore', 'ignore_ament_install']
[0.363s] Level 1:colcon.colcon_core.package_identification:_identify(src/lane_follower) by extension 'ignore'
[0.363s] Level 1:colcon.colcon_core.package_identification:_identify(src/lane_follower) by extension 'ignore_ament_install'
[0.363s] Level 1:colcon.colcon_core.package_identification:_identify(src/lane_follower) by extensions ['colcon_pkg']
[0.363s] Level 1:colcon.colcon_core.package_identification:_identify(src/lane_follower) by extension 'colcon_pkg'
[0.363s] Level 1:colcon.colcon_core.package_identification:_identify(src/lane_follower) by extensions ['colcon_meta']
[0.363s] Level 1:colcon.colcon_core.package_identification:_identify(src/lane_follower) by extension 'colcon_meta'
[0.363s] Level 1:colcon.colcon_core.package_identification:_identify(src/lane_follower) by extensions ['ros']
[0.363s] Level 1:colcon.colcon_core.package_identification:_identify(src/lane_follower) by extension 'ros'
[0.367s] DEBUG:colcon.colcon_core.package_identification:Package 'src/lane_follower' with type 'ros.ament_python' and name 'lane_follower'
[0.367s] Level 1:colcon.colcon_core.package_identification:_identify(src/learning) by extensions ['ignore', 'ignore_ament_install']
[0.367s] Level 1:colcon.colcon_core.package_identification:_identify(src/learning) by extension 'ignore'
[0.367s] Level 1:colcon.colcon_core.package_identification:_identify(src/learning) by extension 'ignore_ament_install'
[0.367s] Level 1:colcon.colcon_core.package_identification:_identify(src/learning) by extensions ['colcon_pkg']
[0.367s] Level 1:colcon.colcon_core.package_identification:_identify(src/learning) by extension 'colcon_pkg'
[0.367s] Level 1:colcon.colcon_core.package_identification:_identify(src/learning) by extensions ['colcon_meta']
[0.367s] Level 1:colcon.colcon_core.package_identification:_identify(src/learning) by extension 'colcon_meta'
[0.367s] Level 1:colcon.colcon_core.package_identification:_identify(src/learning) by extensions ['ros']
[0.368s] Level 1:colcon.colcon_core.package_identification:_identify(src/learning) by extension 'ros'
[0.368s] DEBUG:colcon.colcon_core.package_identification:Package 'src/learning' with type 'ros.ament_python' and name 'learning'
[0.368s] Level 1:colcon.colcon_core.package_identification:_identify(tutorial) by extensions ['ignore', 'ignore_ament_install']
[0.368s] Level 1:colcon.colcon_core.package_identification:_identify(tutorial) by extension 'ignore'
[0.368s] Level 1:colcon.colcon_core.package_identification:_identify(tutorial) by extension 'ignore_ament_install'
[0.368s] Level 1:colcon.colcon_core.package_identification:_identify(tutorial) by extensions ['colcon_pkg']
[0.368s] Level 1:colcon.colcon_core.package_identification:_identify(tutorial) by extension 'colcon_pkg'
[0.369s] Level 1:colcon.colcon_core.package_identification:_identify(tutorial) by extensions ['colcon_meta']
[0.369s] Level 1:colcon.colcon_core.package_identification:_identify(tutorial) by extension 'colcon_meta'
[0.369s] Level 1:colcon.colcon_core.package_identification:_identify(tutorial) by extensions ['ros']
[0.369s] Level 1:colcon.colcon_core.package_identification:_identify(tutorial) by extension 'ros'
[0.369s] DEBUG:colcon.colcon_core.package_identification:Package 'tutorial' with type 'ros.ament_python' and name 'tutorial'
[0.369s] Level 1:colcon.colcon_core.package_discovery:discover_packages(recursive) using defaults
[0.369s] Level 1:colcon.colcon_core.package_discovery:discover_packages(ignore) discover
[0.369s] Level 1:colcon.colcon_core.package_discovery:discover_packages(ignore) using defaults
[0.369s] Level 1:colcon.colcon_core.package_discovery:discover_packages(path) discover
[0.369s] Level 1:colcon.colcon_core.package_discovery:discover_packages(path) using defaults
[0.394s] Level 5:colcon.colcon_core.verb:set package 'lane_follower' build argument 'cmake_args' from command line to 'None'
[0.394s] Level 5:colcon.colcon_core.verb:set package 'lane_follower' build argument 'cmake_target' from command line to 'None'
[0.394s] Level 5:colcon.colcon_core.verb:set package 'lane_follower' build argument 'cmake_target_skip_unavailable' from command line to 'False'
[0.394s] Level 5:colcon.colcon_core.verb:set package 'lane_follower' build argument 'cmake_clean_cache' from command line to 'False'
[0.394s] Level 5:colcon.colcon_core.verb:set package 'lane_follower' build argument 'cmake_clean_first' from command line to 'False'
[0.394s] Level 5:colcon.colcon_core.verb:set package 'lane_follower' build argument 'cmake_force_configure' from command line to 'False'
[0.394s] Level 5:colcon.colcon_core.verb:set package 'lane_follower' build argument 'ament_cmake_args' from command line to 'None'
[0.395s] Level 5:colcon.colcon_core.verb:set package 'lane_follower' build argument 'catkin_cmake_args' from command line to 'None'
[0.395s] Level 5:colcon.colcon_core.verb:set package 'lane_follower' build argument 'catkin_skip_building_tests' from command line to 'False'
[0.395s] DEBUG:colcon.colcon_core.verb:Building package 'lane_follower' with the following arguments: {'ament_cmake_args': None, 'build_base': '/home/dev/ros2_ws/build/lane_follower', 'catkin_cmake_args': None, 'catkin_skip_building_tests': False, 'cmake_args': None, 'cmake_clean_cache': False, 'cmake_clean_first': False, 'cmake_force_configure': False, 'cmake_target': None, 'cmake_target_skip_unavailable': False, 'install_base': '/home/dev/ros2_ws/install/lane_follower', 'merge_install': False, 'path': '/home/dev/ros2_ws/src/lane_follower', 'symlink_install': False, 'test_result_base': None}
[0.395s] Level 5:colcon.colcon_core.verb:set package 'learning' build argument 'cmake_args' from command line to 'None'
[0.395s] Level 5:colcon.colcon_core.verb:set package 'learning' build argument 'cmake_target' from command line to 'None'
[0.395s] Level 5:colcon.colcon_core.verb:set package 'learning' build argument 'cmake_target_skip_unavailable' from command line to 'False'
[0.395s] Level 5:colcon.colcon_core.verb:set package 'learning' build argument 'cmake_clean_cache' from command line to 'False'
[0.395s] Level 5:colcon.colcon_core.verb:set package 'learning' build argument 'cmake_clean_first' from command line to 'False'
[0.395s] Level 5:colcon.colcon_core.verb:set package 'learning' build argument 'cmake_force_configure' from command line to 'False'
[0.395s] Level 5:colcon.colcon_core.verb:set package 'learning' build argument 'ament_cmake_args' from command line to 'None'
[0.395s] Level 5:colcon.colcon_core.verb:set package 'learning' build argument 'catkin_cmake_args' from command line to 'None'
[0.395s] Level 5:colcon.colcon_core.verb:set package 'learning' build argument 'catkin_skip_building_tests' from command line to 'False'
[0.395s] DEBUG:colcon.colcon_core.verb:Building package 'learning' with the following arguments: {'ament_cmake_args': None, 'build_base': '/home/dev/ros2_ws/build/learning', 'catkin_cmake_args': None, 'catkin_skip_building_tests': False, 'cmake_args': None, 'cmake_clean_cache': False, 'cmake_clean_first': False, 'cmake_force_configure': False, 'cmake_target': None, 'cmake_target_skip_unavailable': False, 'install_base': '/home/dev/ros2_ws/install/learning', 'merge_install': False, 'path': '/home/dev/ros2_ws/src/learning', 'symlink_install': False, 'test_result_base': None}
[0.395s] Level 5:colcon.colcon_core.verb:set package 'tutorial' build argument 'cmake_args' from command line to 'None'
[0.396s] Level 5:colcon.colcon_core.verb:set package 'tutorial' build argument 'cmake_target' from command line to 'None'
[0.396s] Level 5:colcon.colcon_core.verb:set package 'tutorial' build argument 'cmake_target_skip_unavailable' from command line to 'False'
[0.396s] Level 5:colcon.colcon_core.verb:set package 'tutorial' build argument 'cmake_clean_cache' from command line to 'False'
[0.396s] Level 5:colcon.colcon_core.verb:set package 'tutorial' build argument 'cmake_clean_first' from command line to 'False'
[0.396s] Level 5:colcon.colcon_core.verb:set package 'tutorial' build argument 'cmake_force_configure' from command line to 'False'
[0.396s] Level 5:colcon.colcon_core.verb:set package 'tutorial' build argument 'ament_cmake_args' from command line to 'None'
[0.396s] Level 5:colcon.colcon_core.verb:set package 'tutorial' build argument 'catkin_cmake_args' from command line to 'None'
[0.396s] Level 5:colcon.colcon_core.verb:set package 'tutorial' build argument 'catkin_skip_building_tests' from command line to 'False'
[0.396s] DEBUG:colcon.colcon_core.verb:Building package 'tutorial' with the following arguments: {'ament_cmake_args': None, 'build_base': '/home/dev/ros2_ws/build/tutorial', 'catkin_cmake_args': None, 'catkin_skip_building_tests': False, 'cmake_args': None, 'cmake_clean_cache': False, 'cmake_clean_first': False, 'cmake_force_configure': False, 'cmake_target': None, 'cmake_target_skip_unavailable': False, 'install_base': '/home/dev/ros2_ws/install/tutorial', 'merge_install': False, 'path': '/home/dev/ros2_ws/tutorial', 'symlink_install': False, 'test_result_base': None}
[0.396s] INFO:colcon.colcon_core.executor:Executing jobs using 'parallel' executor
[0.397s] DEBUG:colcon.colcon_parallel_executor.executor.parallel:run_until_complete
[0.397s] INFO:colcon.colcon_ros.task.ament_python.build:Building ROS package in '/home/dev/ros2_ws/src/lane_follower' with build type 'ament_python'
[0.397s] Level 1:colcon.colcon_core.shell:create_environment_hook('lane_follower', 'ament_prefix_path')
[0.402s] INFO:colcon.colcon_core.plugin_system:Skipping extension 'colcon_core.shell.bat': Not used on non-Windows systems
[0.402s] INFO:colcon.colcon_core.shell:Creating environment hook '/home/dev/ros2_ws/install/lane_follower/share/lane_follower/hook/ament_prefix_path.ps1'
[0.403s] INFO:colcon.colcon_core.shell:Creating environment descriptor '/home/dev/ros2_ws/install/lane_follower/share/lane_follower/hook/ament_prefix_path.dsv'
[0.403s] INFO:colcon.colcon_core.shell:Creating environment hook '/home/dev/ros2_ws/install/lane_follower/share/lane_follower/hook/ament_prefix_path.sh'
[0.404s] INFO:colcon.colcon_core.shell:Skip shell extension 'powershell' for command environment: Not usable outside of PowerShell
[0.404s] DEBUG:colcon.colcon_core.shell:Skip shell extension 'dsv' for command environment
[0.411s] INFO:colcon.colcon_ros.task.ament_python.build:Building ROS package in '/home/dev/ros2_ws/src/learning' with build type 'ament_python'
[0.411s] Level 1:colcon.colcon_core.shell:create_environment_hook('learning', 'ament_prefix_path')
[0.411s] INFO:colcon.colcon_core.shell:Creating environment hook '/home/dev/ros2_ws/install/learning/share/learning/hook/ament_prefix_path.ps1'
[0.412s] INFO:colcon.colcon_core.shell:Creating environment descriptor '/home/dev/ros2_ws/install/learning/share/learning/hook/ament_prefix_path.dsv'
[0.412s] INFO:colcon.colcon_core.shell:Creating environment hook '/home/dev/ros2_ws/install/learning/share/learning/hook/ament_prefix_path.sh'
[0.413s] INFO:colcon.colcon_core.shell:Skip shell extension 'powershell' for command environment: Not usable outside of PowerShell
[0.413s] DEBUG:colcon.colcon_core.shell:Skip shell extension 'dsv' for command environment
[0.417s] INFO:colcon.colcon_ros.task.ament_python.build:Building ROS package in '/home/dev/ros2_ws/tutorial' with build type 'ament_python'
[0.417s] Level 1:colcon.colcon_core.shell:create_environment_hook('tutorial', 'ament_prefix_path')
[0.417s] INFO:colcon.colcon_core.shell:Creating environment hook '/home/dev/ros2_ws/install/tutorial/share/tutorial/hook/ament_prefix_path.ps1'
[0.418s] INFO:colcon.colcon_core.shell:Creating environment descriptor '/home/dev/ros2_ws/install/tutorial/share/tutorial/hook/ament_prefix_path.dsv'
[0.418s] INFO:colcon.colcon_core.shell:Creating environment hook '/home/dev/ros2_ws/install/tutorial/share/tutorial/hook/ament_prefix_path.sh'
[0.418s] INFO:colcon.colcon_core.shell:Skip shell extension 'powershell' for command environment: Not usable outside of PowerShell
[0.418s] DEBUG:colcon.colcon_core.shell:Skip shell extension 'dsv' for command environment
[0.662s] INFO:colcon.colcon_core.task.python.build:Building Python package in '/home/dev/ros2_ws/src/lane_follower'
[0.662s] INFO:colcon.colcon_core.shell:Skip shell extension 'powershell' for command environment: Not usable outside of PowerShell
[0.662s] DEBUG:colcon.colcon_core.shell:Skip shell extension 'dsv' for command environment
[0.898s] INFO:colcon.colcon_core.task.python.build:Building Python package in '/home/dev/ros2_ws/src/learning'
[0.898s] INFO:colcon.colcon_core.shell:Skip shell extension 'powershell' for command environment: Not usable outside of PowerShell
[0.898s] DEBUG:colcon.colcon_core.shell:Skip shell extension 'dsv' for command environment
[1.092s] INFO:colcon.colcon_core.task.python.build:Building Python package in '/home/dev/ros2_ws/tutorial'
[1.092s] INFO:colcon.colcon_core.shell:Skip shell extension 'powershell' for command environment: Not usable outside of PowerShell
[1.092s] DEBUG:colcon.colcon_core.shell:Skip shell extension 'dsv' for command environment
[1.334s] DEBUG:colcon.colcon_core.event_handler.log_command:Invoking command in '/home/dev/ros2_ws/src/lane_follower': PYTHONPATH=/home/dev/ros2_ws/build/lane_follower/prefix_override:/usr/lib/python3/dist-packages/colcon_core/task/python/colcon_distutils_commands:/home/dev/ros2_ws/install/lane_follower/lib/python3.10/site-packages:${PYTHONPATH} /usr/bin/python3 -W ignore:setup.py install is deprecated -W ignore:easy_install command is deprecated setup.py egg_info --egg-base ../../build/lane_follower build --build-base /home/dev/ros2_ws/build/lane_follower/build install --record /home/dev/ros2_ws/build/lane_follower/install.log --single-version-externally-managed install_data
[1.337s] DEBUG:colcon.colcon_core.event_handler.log_command:Invoking command in '/home/dev/ros2_ws/tutorial': PYTHONPATH=/home/dev/ros2_ws/build/tutorial/prefix_override:/usr/lib/python3/dist-packages/colcon_core/task/python/colcon_distutils_commands:/home/dev/ros2_ws/install/tutorial/lib/python3.10/site-packages:${PYTHONPATH} /usr/bin/python3 -W ignore:setup.py install is deprecated -W ignore:easy_install command is deprecated setup.py egg_info --egg-base ../build/tutorial build --build-base /home/dev/ros2_ws/build/tutorial/build install --record /home/dev/ros2_ws/build/tutorial/install.log --single-version-externally-managed install_data
[1.341s] DEBUG:colcon.colcon_core.event_handler.log_command:Invoking command in '/home/dev/ros2_ws/src/learning': PYTHONPATH=/home/dev/ros2_ws/build/learning/prefix_override:/usr/lib/python3/dist-packages/colcon_core/task/python/colcon_distutils_commands:/home/dev/ros2_ws/install/learning/lib/python3.10/site-packages:${PYTHONPATH} /usr/bin/python3 -W ignore:setup.py install is deprecated -W ignore:easy_install command is deprecated setup.py egg_info --egg-base ../../build/learning build --build-base /home/dev/ros2_ws/build/learning/build install --record /home/dev/ros2_ws/build/learning/install.log --single-version-externally-managed install_data
[1.528s] DEBUG:colcon.colcon_core.event_handler.log_command:Invoked command in '/home/dev/ros2_ws/src/lane_follower' returned '0': PYTHONPATH=/home/dev/ros2_ws/build/lane_follower/prefix_override:/usr/lib/python3/dist-packages/colcon_core/task/python/colcon_distutils_commands:/home/dev/ros2_ws/install/lane_follower/lib/python3.10/site-packages:${PYTHONPATH} /usr/bin/python3 -W ignore:setup.py install is deprecated -W ignore:easy_install command is deprecated setup.py egg_info --egg-base ../../build/lane_follower build --build-base /home/dev/ros2_ws/build/lane_follower/build install --record /home/dev/ros2_ws/build/lane_follower/install.log --single-version-externally-managed install_data
[1.531s] Level 1:colcon.colcon_core.environment:checking '/home/dev/ros2_ws/install/lane_follower' for CMake module files
[1.531s] Level 1:colcon.colcon_core.environment:checking '/home/dev/ros2_ws/install/lane_follower' for CMake config files
[1.532s] Level 1:colcon.colcon_core.environment:checking '/home/dev/ros2_ws/install/lane_follower/lib'
[1.532s] Level 1:colcon.colcon_core.environment:checking '/home/dev/ros2_ws/install/lane_follower/bin'
[1.532s] Level 1:colcon.colcon_core.environment:checking '/home/dev/ros2_ws/install/lane_follower/lib/pkgconfig/lane_follower.pc'
[1.532s] Level 1:colcon.colcon_core.environment:checking '/home/dev/ros2_ws/install/lane_follower/lib/python3.10/site-packages'
[1.532s] Level 1:colcon.colcon_core.shell:create_environment_hook('lane_follower', 'pythonpath')
[1.532s] INFO:colcon.colcon_core.shell:Creating environment hook '/home/dev/ros2_ws/install/lane_follower/share/lane_follower/hook/pythonpath.ps1'
[1.533s] INFO:colcon.colcon_core.shell:Creating environment descriptor '/home/dev/ros2_ws/install/lane_follower/share/lane_follower/hook/pythonpath.dsv'
[1.533s] INFO:colcon.colcon_core.shell:Creating environment hook '/home/dev/ros2_ws/install/lane_follower/share/lane_follower/hook/pythonpath.sh'
[1.534s] Level 1:colcon.colcon_core.environment:checking '/home/dev/ros2_ws/install/lane_follower/bin'
[1.534s] Level 1:colcon.colcon_core.environment:create_environment_scripts_only(lane_follower)
[1.534s] INFO:colcon.colcon_core.shell:Creating package script '/home/dev/ros2_ws/install/lane_follower/share/lane_follower/package.ps1'
[1.534s] INFO:colcon.colcon_core.shell:Creating package descriptor '/home/dev/ros2_ws/install/lane_follower/share/lane_follower/package.dsv'
[1.535s] INFO:colcon.colcon_core.shell:Creating package script '/home/dev/ros2_ws/install/lane_follower/share/lane_follower/package.sh'
[1.536s] INFO:colcon.colcon_core.shell:Creating package script '/home/dev/ros2_ws/install/lane_follower/share/lane_follower/package.bash'
[1.537s] INFO:colcon.colcon_core.shell:Creating package script '/home/dev/ros2_ws/install/lane_follower/share/lane_follower/package.zsh'
[1.537s] Level 1:colcon.colcon_core.environment:create_file_with_runtime_dependencies(/home/dev/ros2_ws/install/lane_follower/share/colcon-core/packages/lane_follower)
[1.539s] Level 1:colcon.colcon_core.environment:checking '/home/dev/ros2_ws/install/tutorial' for CMake module files
[1.539s] DEBUG:colcon.colcon_core.event_handler.log_command:Invoked command in '/home/dev/ros2_ws/tutorial' returned '0': PYTHONPATH=/home/dev/ros2_ws/build/tutorial/prefix_override:/usr/lib/python3/dist-packages/colcon_core/task/python/colcon_distutils_commands:/home/dev/ros2_ws/install/tutorial/lib/python3.10/site-packages:${PYTHONPATH} /usr/bin/python3 -W ignore:setup.py install is deprecated -W ignore:easy_install command is deprecated setup.py egg_info --egg-base ../build/tutorial build --build-base /home/dev/ros2_ws/build/tutorial/build install --record /home/dev/ros2_ws/build/tutorial/install.log --single-version-externally-managed install_data
[1.539s] Level 1:colcon.colcon_core.environment:checking '/home/dev/ros2_ws/install/tutorial' for CMake config files
[1.540s] Level 1:colcon.colcon_core.environment:checking '/home/dev/ros2_ws/install/tutorial/lib'
[1.540s] Level 1:colcon.colcon_core.environment:checking '/home/dev/ros2_ws/install/tutorial/bin'
[1.540s] Level 1:colcon.colcon_core.environment:checking '/home/dev/ros2_ws/install/tutorial/lib/pkgconfig/tutorial.pc'
[1.540s] Level 1:colcon.colcon_core.environment:checking '/home/dev/ros2_ws/install/tutorial/lib/python3.10/site-packages'
[1.540s] Level 1:colcon.colcon_core.shell:create_environment_hook('tutorial', 'pythonpath')
[1.540s] INFO:colcon.colcon_core.shell:Creating environment hook '/home/dev/ros2_ws/install/tutorial/share/tutorial/hook/pythonpath.ps1'
[1.540s] INFO:colcon.colcon_core.shell:Creating environment descriptor '/home/dev/ros2_ws/install/tutorial/share/tutorial/hook/pythonpath.dsv'
[1.541s] INFO:colcon.colcon_core.shell:Creating environment hook '/home/dev/ros2_ws/install/tutorial/share/tutorial/hook/pythonpath.sh'
[1.541s] Level 1:colcon.colcon_core.environment:checking '/home/dev/ros2_ws/install/tutorial/bin'
[1.541s] Level 1:colcon.colcon_core.environment:create_environment_scripts_only(tutorial)
[1.541s] INFO:colcon.colcon_core.shell:Creating package script '/home/dev/ros2_ws/install/tutorial/share/tutorial/package.ps1'
[1.541s] INFO:colcon.colcon_core.shell:Creating package descriptor '/home/dev/ros2_ws/install/tutorial/share/tutorial/package.dsv'
[1.542s] INFO:colcon.colcon_core.shell:Creating package script '/home/dev/ros2_ws/install/tutorial/share/tutorial/package.sh'
[1.542s] INFO:colcon.colcon_core.shell:Creating package script '/home/dev/ros2_ws/install/tutorial/share/tutorial/package.bash'
[1.542s] INFO:colcon.colcon_core.shell:Creating package script '/home/dev/ros2_ws/install/tutorial/share/tutorial/package.zsh'
[1.542s] Level 1:colcon.colcon_core.environment:create_file_with_runtime_dependencies(/home/dev/ros2_ws/install/tutorial/share/colcon-core/packages/tutorial)
[1.544s] Level 1:colcon.colcon_core.environment:checking '/home/dev/ros2_ws/install/learning' for CMake module files
[1.544s] DEBUG:colcon.colcon_core.event_handler.log_command:Invoked command in '/home/dev/ros2_ws/src/learning' returned '0': PYTHONPATH=/home/dev/ros2_ws/build/learning/prefix_override:/usr/lib/python3/dist-packages/colcon_core/task/python/colcon_distutils_commands:/home/dev/ros2_ws/install/learning/lib/python3.10/site-packages:${PYTHONPATH} /usr/bin/python3 -W ignore:setup.py install is deprecated -W ignore:easy_install command is deprecated setup.py egg_info --egg-base ../../build/learning build --build-base /home/dev/ros2_ws/build/learning/build install --record /home/dev/ros2_ws/build/learning/install.log --single-version-externally-managed install_data
[1.544s] Level 1:colcon.colcon_core.environment:checking '/home/dev/ros2_ws/install/learning' for CMake config files
[1.545s] Level 1:colcon.colcon_core.environment:checking '/home/dev/ros2_ws/install/learning/lib'
[1.545s] Level 1:colcon.colcon_core.environment:checking '/home/dev/ros2_ws/install/learning/bin'
[1.545s] Level 1:colcon.colcon_core.environment:checking '/home/dev/ros2_ws/install/learning/lib/pkgconfig/learning.pc'
[1.545s] Level 1:colcon.colcon_core.environment:checking '/home/dev/ros2_ws/install/learning/lib/python3.10/site-packages'
[1.545s] Level 1:colcon.colcon_core.shell:create_environment_hook('learning', 'pythonpath')
[1.545s] INFO:colcon.colcon_core.shell:Creating environment hook '/home/dev/ros2_ws/install/learning/share/learning/hook/pythonpath.ps1'
[1.545s] INFO:colcon.colcon_core.shell:Creating environment descriptor '/home/dev/ros2_ws/install/learning/share/learning/hook/pythonpath.dsv'
[1.546s] INFO:colcon.colcon_core.shell:Creating environment hook '/home/dev/ros2_ws/install/learning/share/learning/hook/pythonpath.sh'
[1.546s] Level 1:colcon.colcon_core.environment:checking '/home/dev/ros2_ws/install/learning/bin'
[1.546s] Level 1:colcon.colcon_core.environment:create_environment_scripts_only(learning)
[1.546s] INFO:colcon.colcon_core.shell:Creating package script '/home/dev/ros2_ws/install/learning/share/learning/package.ps1'
[1.546s] INFO:colcon.colcon_core.shell:Creating package descriptor '/home/dev/ros2_ws/install/learning/share/learning/package.dsv'
[1.547s] INFO:colcon.colcon_core.shell:Creating package script '/home/dev/ros2_ws/install/learning/share/learning/package.sh'
[1.547s] INFO:colcon.colcon_core.shell:Creating package script '/home/dev/ros2_ws/install/learning/share/learning/package.bash'
[1.547s] INFO:colcon.colcon_core.shell:Creating package script '/home/dev/ros2_ws/install/learning/share/learning/package.zsh'
[1.547s] Level 1:colcon.colcon_core.environment:create_file_with_runtime_dependencies(/home/dev/ros2_ws/install/learning/share/colcon-core/packages/learning)
[1.548s] DEBUG:colcon.colcon_parallel_executor.executor.parallel:closing loop
[1.548s] DEBUG:colcon.colcon_parallel_executor.executor.parallel:loop closed
[1.548s] DEBUG:colcon.colcon_parallel_executor.executor.parallel:run_until_complete finished with '0'
[1.548s] DEBUG:colcon.colcon_core.event_reactor:joining thread
[1.558s] INFO:colcon.colcon_core.plugin_system:Skipping extension 'colcon_notification.desktop_notification.notify_send': Could not find 'notify-send'
[1.558s] INFO:colcon.colcon_core.plugin_system:Skipping extension 'colcon_notification.desktop_notification.terminal_notifier': Not used on non-Darwin systems
[1.558s] INFO:colcon.colcon_core.plugin_system:Skipping extension 'colcon_notification.desktop_notification.win32': Not used on non-Windows systems
[1.558s] INFO:colcon.colcon_notification.desktop_notification:Sending desktop notification using 'notify2'
[1.561s] DEBUG:colcon.colcon_notification.desktop_notification.notify2:Failed to initialize notify2: org.freedesktop.DBus.Error.Spawn.ExecFailed: /usr/bin/dbus-launch terminated abnormally without any error message
[1.561s] DEBUG:colcon.colcon_core.event_reactor:joined thread
[1.562s] INFO:colcon.colcon_core.shell:Creating prefix script '/home/dev/ros2_ws/install/local_setup.ps1'
[1.563s] INFO:colcon.colcon_core.shell:Creating prefix util module '/home/dev/ros2_ws/install/_local_setup_util_ps1.py'
[1.564s] INFO:colcon.colcon_core.shell:Creating prefix chain script '/home/dev/ros2_ws/install/setup.ps1'
[1.564s] INFO:colcon.colcon_core.shell:Creating prefix script '/home/dev/ros2_ws/install/local_setup.sh'
[1.565s] INFO:colcon.colcon_core.shell:Creating prefix util module '/home/dev/ros2_ws/install/_local_setup_util_sh.py'
[1.565s] INFO:colcon.colcon_core.shell:Creating prefix chain script '/home/dev/ros2_ws/install/setup.sh'
[1.566s] INFO:colcon.colcon_core.shell:Creating prefix script '/home/dev/ros2_ws/install/local_setup.bash'
[1.576s] INFO:colcon.colcon_core.shell:Creating prefix chain script '/home/dev/ros2_ws/install/setup.bash'
[1.578s] INFO:colcon.colcon_core.shell:Creating prefix script '/home/dev/ros2_ws/install/local_setup.zsh'
[1.578s] INFO:colcon.colcon_core.shell:Creating prefix chain script '/home/dev/ros2_ws/install/setup.zsh'
