[0.920s] Invoking command in '/home/dev/ros2_ws/tutorial': PYTHONPATH=/home/dev/ros2_ws/build/tutorial/prefix_override:/usr/lib/python3/dist-packages/colcon_core/task/python/colcon_distutils_commands:/home/dev/ros2_ws/install/tutorial/lib/python3.10/site-packages:${PYTHONPATH} /usr/bin/python3 -W ignore:setup.py install is deprecated -W ignore:easy_install command is deprecated setup.py egg_info --egg-base ../build/tutorial build --build-base /home/dev/ros2_ws/build/tutorial/build install --record /home/dev/ros2_ws/build/tutorial/install.log --single-version-externally-managed install_data
[1.070s] running egg_info
[1.070s] creating ../build/tutorial/tutorial.egg-info
[1.070s] writing ../build/tutorial/tutorial.egg-info/PKG-INFO
[1.070s] writing dependency_links to ../build/tutorial/tutorial.egg-info/dependency_links.txt
[1.070s] writing entry points to ../build/tutorial/tutorial.egg-info/entry_points.txt
[1.070s] writing requirements to ../build/tutorial/tutorial.egg-info/requires.txt
[1.070s] writing top-level names to ../build/tutorial/tutorial.egg-info/top_level.txt
[1.071s] writing manifest file '../build/tutorial/tutorial.egg-info/SOURCES.txt'
[1.072s] reading manifest file '../build/tutorial/tutorial.egg-info/SOURCES.txt'
[1.072s] writing manifest file '../build/tutorial/tutorial.egg-info/SOURCES.txt'
[1.072s] running build
[1.072s] running build_py
[1.072s] creating /home/dev/ros2_ws/build/tutorial/build
[1.072s] creating /home/dev/ros2_ws/build/tutorial/build/lib
[1.073s] creating /home/dev/ros2_ws/build/tutorial/build/lib/tutorial
[1.073s] copying tutorial/__init__.py -> /home/dev/ros2_ws/build/tutorial/build/lib/tutorial
[1.073s] running install
[1.073s] running install_lib
[1.074s] creating /home/dev/ros2_ws/install/tutorial/lib/python3.10/site-packages/tutorial
[1.074s] copying /home/dev/ros2_ws/build/tutorial/build/lib/tutorial/__init__.py -> /home/dev/ros2_ws/install/tutorial/lib/python3.10/site-packages/tutorial
[1.074s] byte-compiling /home/dev/ros2_ws/install/tutorial/lib/python3.10/site-packages/tutorial/__init__.py to __init__.cpython-310.pyc
[1.074s] running install_data
[1.074s] creating /home/dev/ros2_ws/install/tutorial/share/ament_index
[1.074s] creating /home/dev/ros2_ws/install/tutorial/share/ament_index/resource_index
[1.074s] creating /home/dev/ros2_ws/install/tutorial/share/ament_index/resource_index/packages
[1.074s] copying resource/tutorial -> /home/dev/ros2_ws/install/tutorial/share/ament_index/resource_index/packages
[1.074s] copying package.xml -> /home/dev/ros2_ws/install/tutorial/share/tutorial
[1.074s] running install_egg_info
[1.075s] Copying ../build/tutorial/tutorial.egg-info to /home/dev/ros2_ws/install/tutorial/lib/python3.10/site-packages/tutorial-0.0.0-py3.10.egg-info
[1.076s] running install_scripts
[1.091s] writing list of installed files to '/home/dev/ros2_ws/build/tutorial/install.log'
[1.122s] Invoked command in '/home/dev/ros2_ws/tutorial' returned '0': PYTHONPATH=/home/dev/ros2_ws/build/tutorial/prefix_override:/usr/lib/python3/dist-packages/colcon_core/task/python/colcon_distutils_commands:/home/dev/ros2_ws/install/tutorial/lib/python3.10/site-packages:${PYTHONPATH} /usr/bin/python3 -W ignore:setup.py install is deprecated -W ignore:easy_install command is deprecated setup.py egg_info --egg-base ../build/tutorial build --build-base /home/dev/ros2_ws/build/tutorial/build install --record /home/dev/ros2_ws/build/tutorial/install.log --single-version-externally-managed install_data
